<?xml version="1.0" encoding="UTF-8"?>
<!-- Generated by org.testng.reporters.JUnitXMLReporter -->
<testsuite ignored="0" hostname="DESKTOP-JAV9JJ9" failures="0" tests="6" name="Default test" time="3.358" errors="0" timestamp="2024-01-29T16:08:55 EST">
  <testcase classname="api.test.DDTests" name="testPostuser" time="1.596"/>
  <testcase classname="api.test.DDTests" name="testPostuser" time="0.139"/>
  <testcase classname="api.test.DDTests" name="testPostuser" time="0.145"/>
  <testcase classname="api.test.DDTests" name="testDeleteUserByName" time="0.139"/>
  <testcase classname="api.test.DDTests" name="testDeleteUserByName" time="0.159"/>
  <testcase classname="api.test.DDTests" name="testDeleteUserByName" time="0.161"/>
</testsuite> <!-- Default test -->
