<?xml version="1.0" encoding="UTF-8"?>
<testng-results ignored="0" total="4" passed="4" failed="0" skipped="0">
  <reporter-output>
  </reporter-output>
  <suite started-at="2024-02-04T19:02:15 EST" name="PetSuite" finished-at="2024-02-04T19:02:18 EST" duration-ms="3532">
    <groups>
    </groups>
    <test started-at="2024-02-04T19:02:15 EST" name="PetTests" finished-at="2024-02-04T19:02:18 EST" duration-ms="3532">
      <class name="api.test.UserTests2">
        <test-method is-config="true" signature="setupData()[pri:0, instance:api.test.UserTests2@2e3967ea]" started-at="2024-02-04T19:02:15 EST" name="setupData" finished-at="2024-02-04T19:02:16 EST" duration-ms="467" status="PASS">
          <reporter-output>
          </reporter-output>
        </test-method> <!-- setupData -->
        <test-method signature="testPostUser()[pri:1, instance:api.test.UserTests2@2e3967ea]" started-at="2024-02-04T19:02:16 EST" name="testPostUser" finished-at="2024-02-04T19:02:18 EST" duration-ms="2011" status="PASS">
          <reporter-output>
          </reporter-output>
        </test-method> <!-- testPostUser -->
        <test-method signature="testGetUserByName()[pri:2, instance:api.test.UserTests2@2e3967ea]" started-at="2024-02-04T19:02:18 EST" name="testGetUserByName" finished-at="2024-02-04T19:02:18 EST" duration-ms="189" status="PASS">
          <reporter-output>
          </reporter-output>
        </test-method> <!-- testGetUserByName -->
        <test-method signature="testUpdateUserByName()[pri:3, instance:api.test.UserTests2@2e3967ea]" started-at="2024-02-04T19:02:18 EST" name="testUpdateUserByName" finished-at="2024-02-04T19:02:18 EST" duration-ms="309" status="PASS">
          <reporter-output>
          </reporter-output>
        </test-method> <!-- testUpdateUserByName -->
        <test-method signature="testDeleteUserByName()[pri:4, instance:api.test.UserTests2@2e3967ea]" started-at="2024-02-04T19:02:18 EST" name="testDeleteUserByName" finished-at="2024-02-04T19:02:18 EST" duration-ms="367" status="PASS">
          <reporter-output>
          </reporter-output>
        </test-method> <!-- testDeleteUserByName -->
      </class> <!-- api.test.UserTests2 -->
    </test> <!-- PetTests -->
  </suite> <!-- PetSuite -->
</testng-results>
