<?xml version="1.0" encoding="UTF-8"?>
<testng-results ignored="0" total="4" passed="4" failed="0" skipped="0">
  <reporter-output>
  </reporter-output>
  <suite started-at="2024-02-04T17:50:22 EST" name="PetSuite" finished-at="2024-02-04T17:50:25 EST" duration-ms="3191">
    <groups>
    </groups>
    <test started-at="2024-02-04T17:50:22 EST" name="PetTests" finished-at="2024-02-04T17:50:25 EST" duration-ms="3191">
      <class name="api.test.UserTests2">
        <test-method is-config="true" signature="setupData()[pri:0, instance:api.test.UserTests2@3646a422]" started-at="2024-02-04T17:50:22 EST" name="setupData" finished-at="2024-02-04T17:50:23 EST" duration-ms="538" status="PASS">
          <reporter-output>
          </reporter-output>
        </test-method> <!-- setupData -->
        <test-method signature="testPostUser()[pri:1, instance:api.test.UserTests2@3646a422]" started-at="2024-02-04T17:50:23 EST" name="testPostUser" finished-at="2024-02-04T17:50:25 EST" duration-ms="1819" status="PASS">
          <reporter-output>
          </reporter-output>
        </test-method> <!-- testPostUser -->
        <test-method signature="testGetUserByName()[pri:2, instance:api.test.UserTests2@3646a422]" started-at="2024-02-04T17:50:25 EST" name="testGetUserByName" finished-at="2024-02-04T17:50:25 EST" duration-ms="164" status="PASS">
          <reporter-output>
          </reporter-output>
        </test-method> <!-- testGetUserByName -->
        <test-method signature="testUpdateUserByName()[pri:3, instance:api.test.UserTests2@3646a422]" started-at="2024-02-04T17:50:25 EST" name="testUpdateUserByName" finished-at="2024-02-04T17:50:25 EST" duration-ms="271" status="PASS">
          <reporter-output>
          </reporter-output>
        </test-method> <!-- testUpdateUserByName -->
        <test-method signature="testDeleteUserByName()[pri:4, instance:api.test.UserTests2@3646a422]" started-at="2024-02-04T17:50:25 EST" name="testDeleteUserByName" finished-at="2024-02-04T17:50:25 EST" duration-ms="150" status="PASS">
          <reporter-output>
          </reporter-output>
        </test-method> <!-- testDeleteUserByName -->
      </class> <!-- api.test.UserTests2 -->
    </test> <!-- PetTests -->
  </suite> <!-- PetSuite -->
</testng-results>
