<?xml version="1.0" encoding="UTF-8"?>
<!-- Generated by org.testng.reporters.JUnitXMLReporter -->
<testsuite ignored="0" hostname="DESKTOP-JAV9JJ9" failures="0" tests="4" name="PetTests" time="3.532" errors="0" timestamp="2024-02-04T19:02:19 EST">
  <testcase classname="api.test.UserTests2" name="testPostUser" time="2.011"/>
  <testcase classname="api.test.UserTests2" name="testGetUserByName" time="0.189"/>
  <testcase classname="api.test.UserTests2" name="testUpdateUserByName" time="0.309"/>
  <testcase classname="api.test.UserTests2" name="testDeleteUserByName" time="0.367"/>
</testsuite> <!-- PetTests -->
