<?xml version="1.0" encoding="UTF-8"?>
<!-- Generated by org.testng.reporters.JUnitXMLReporter -->
<testsuite ignored="0" hostname="DESKTOP-JAV9JJ9" failures="0" tests="4" name="PetTests" time="3.191" errors="0" timestamp="2024-02-04T17:50:26 EST">
  <testcase classname="api.test.UserTests2" name="testPostUser" time="1.819"/>
  <testcase classname="api.test.UserTests2" name="testGetUserByName" time="0.164"/>
  <testcase classname="api.test.UserTests2" name="testUpdateUserByName" time="0.271"/>
  <testcase classname="api.test.UserTests2" name="testDeleteUserByName" time="0.15"/>
</testsuite> <!-- PetTests -->
